<?xml version="1.0" encoding="utf-8"?><testsuites><testsuite errors="0" failures="0" hostname="anderson-G7-7588" name="pytest" skipped="0" tests="10" time="1.312" timestamp="2020-07-18T23:00:32.030672"><testcase classname="test_main" name="test_q1" time="0.000"></testcase><testcase classname="test_main" name="test_q2" time="0.022"></testcase><testcase classname="test_main" name="test_q3" time="0.004"></testcase><testcase classname="test_main" name="test_q4" time="0.001"></testcase><testcase classname="test_main" name="test_q5" time="0.090"></testcase><testcase classname="test_main" name="test_q6" time="0.086"></testcase><testcase classname="test_main" name="test_q7" time="0.008"></testcase><testcase classname="test_main" name="test_q8" time="0.004"></testcase><testcase classname="test_main" name="test_q9" time="0.010"></testcase><testcase classname="test_main" name="test_q10" time="0.014"></testcase></testsuite></testsuites>